e:\edoyun\study_project\remotectrl\remoteclient\debug\remoteclient.pch
e:\edoyun\study_project\remotectrl\remoteclient\debug\vc142.pdb
e:\edoyun\study_project\remotectrl\remoteclient\debug\vc142.idb
e:\edoyun\study_project\remotectrl\remoteclient\debug\pch.obj
e:\edoyun\study_project\remotectrl\remoteclient\debug\statusdlg.obj
e:\edoyun\study_project\remotectrl\remoteclient\debug\remoteclientdlg.obj
e:\edoyun\study_project\remotectrl\remoteclient\debug\remoteclient.obj
e:\edoyun\study_project\remotectrl\remoteclient\debug\cwatchdialog.obj
e:\edoyun\study_project\remotectrl\remoteclient\debug\clientsocket.obj
e:\edoyun\study_project\remotectrl\remoteclient\debug\clientcontroller.obj
e:\edoyun\study_project\remotectrl\debug\remoteclient.exe
e:\edoyun\study_project\remotectrl\debug\remoteclient.ilk
e:\edoyun\study_project\remotectrl\debug\remoteclient.pdb
e:\edoyun\study_project\remotectrl\remoteclient\debug\remoteclient.res
e:\edoyun\study_project\remotectrl\remoteclient\debug\remoteclient.tlog\cl.command.1.tlog
e:\edoyun\study_project\remotectrl\remoteclient\debug\remoteclient.tlog\cl.read.1.tlog
e:\edoyun\study_project\remotectrl\remoteclient\debug\remoteclient.tlog\cl.write.1.tlog
e:\edoyun\study_project\remotectrl\remoteclient\debug\remoteclient.tlog\link.command.1.tlog
e:\edoyun\study_project\remotectrl\remoteclient\debug\remoteclient.tlog\link.read.1.tlog
e:\edoyun\study_project\remotectrl\remoteclient\debug\remoteclient.tlog\link.write.1.tlog
e:\edoyun\study_project\remotectrl\remoteclient\debug\remoteclient.tlog\rc.command.1.tlog
e:\edoyun\study_project\remotectrl\remoteclient\debug\remoteclient.tlog\rc.read.1.tlog
e:\edoyun\study_project\remotectrl\remoteclient\debug\remoteclient.tlog\rc.write.1.tlog
