生成启动时间为 2020-12-03 14:00:56。
日志记录详细程度设置为: Normal。     1>项目“E:\edoyun\RemoteCtrl\RemoteClient\RemoteClient.vcxproj”在节点 2 上(Build 个目标)。
     1>InitializeBuildStatus:
         正在创建“Debug\RemoteClient.tlog\unsuccessfulbuild”，因为已指定“AlwaysCreate”。
       ClCompile:
         所有输出均为最新。
         D:\Program Files (x86)\Microsoft Visual Studio\2019\Community\VC\Tools\MSVC\14.27.29110\bin\HostX86\x86\CL.exe /c /I"C:\Program Files (x86)\Visual Leak Detector\include" /ZI /JMC /nologo /W3 /WX- /diagnostics:column /sdl /Od /Oy- /D _CRT_SECURE_NO_WARNINGS /D _WINSOCK_DEPRECATED_NO_WARNINGS /D WIN32 /D _WINDOWS /D _DEBUG /D _MBCS /Gm- /EHsc /RTC1 /MTd /GS /fp:precise /Zc:wchar_t /Zc:forScope /Zc:inline /Yu"pch.h" /Fp"Debug\RemoteClient.pch" /Fo"Debug\\" /Fd"Debug\vc142.pdb" /Gd /TP /analyze- /FC /errorReport:prompt ClientSocket.cpp
         ClientSocket.cpp
       ResourceCompile:
         所有输出均为最新。
       Link:
         D:\Program Files (x86)\Microsoft Visual Studio\2019\Community\VC\Tools\MSVC\14.27.29110\bin\HostX86\x86\link.exe /ERRORREPORT:PROMPT /OUT:"E:\edoyun\RemoteCtrl\Debug\RemoteClient.exe" /INCREMENTAL /NOLOGO /LIBPATH:"C:\Program Files (x86)\Visual Leak Detector\lib\Win32" /MANIFEST /MANIFESTUAC:"level='asInvoker' uiAccess='false'" /manifest:embed /manifestinput:"D:\Program Files (x86)\Microsoft Visual Studio\2019\Community\VC\Tools\MSVC\14.27.29110\Include\Manifest\dpiaware.manifest" /DEBUG:FASTLINK /PDB:"E:\edoyun\RemoteCtrl\Debug\RemoteClient.pdb" /SUBSYSTEM:WINDOWS /TLBID:1 /DYNAMICBASE /NXCOMPAT /IMPLIB:"E:\edoyun\RemoteCtrl\Debug\RemoteClient.lib" /MACHINE:X86 Debug\RemoteClient.res
         Debug\ClientController.obj
         Debug\ClientSocket.obj
         Debug\CWatchDialog.obj
         Debug\pch.obj
         Debug\RemoteClient.obj
         Debug\RemoteClientDlg.obj
         Debug\StatusDlg.obj
         RemoteClient.vcxproj -> E:\edoyun\RemoteCtrl\Debug\RemoteClient.exe
       FinalizeBuildStatus:
         正在删除文件“Debug\RemoteClient.tlog\unsuccessfulbuild”。
         正在对“Debug\RemoteClient.tlog\RemoteClient.lastbuildstate”执行 Touch 任务。
     1>已完成生成项目“E:\edoyun\RemoteCtrl\RemoteClient\RemoteClient.vcxproj”(Build 个目标)的操作。

已成功生成。
    0 个警告
    0 个错误

已用时间 00:00:03.48
